<?xml version="1.0" encoding="UTF-8"?>
<!-- Generated by org.testng.reporters.JUnitReportReporter -->
<testsuite hostname="DESKTOP-BRT7G63" failures="0" tests="5" name="TestNG.casestudy1" time="0.059" errors="0" timestamp="2023-09-19T21:12:57 IST" skipped="0">
  <testcase classname="TestNG.casestudy1" name="ca" time="0.014"/>
  <testcase classname="TestNG.casestudy1" name="ne" time="0.011"/>
  <testcase classname="TestNG.casestudy1" name="ge" time="0.005"/>
  <testcase classname="TestNG.casestudy1" name="as" time="0.024"/>
  <testcase classname="TestNG.casestudy1" name="ja" time="0.005"/>
</testsuite> <!-- TestNG.casestudy1 -->
