<?xml version="1.0" encoding="UTF-8"?>
<!-- Generated by org.testng.reporters.JUnitReportReporter -->
<testsuite hostname="DESKTOP-BRT7G63" failures="0" tests="7" name="TestNG.casestudy2" time="0.039" errors="0" timestamp="2023-09-19T21:12:57 IST" skipped="0">
  <testcase classname="TestNG.casestudy2" name="en" time="0.004"/>
  <testcase classname="TestNG.casestudy2" name="ch" time="0.005"/>
  <testcase classname="TestNG.casestudy2" name="sc" time="0.016"/>
  <testcase classname="TestNG.casestudy2" name="fin" time="0.006"/>
  <testcase classname="TestNG.casestudy2" name="rus" time="0.003"/>
  <testcase classname="TestNG.casestudy2" name="sr" time="0.002"/>
  <testcase classname="TestNG.casestudy2" name="in" time="0.003"/>
</testsuite> <!-- TestNG.casestudy2 -->
